nohup: ignoring input

  Hocuspocus v3.4.4 (latex-collab) running at:

  > HTTP: http://0.0.0.0:1234
  > WebSocket: ws://0.0.0.0:1234
Backend API running on http://0.0.0.0:3001
Hocuspocus WebSocket running on ws://0.0.0.0:1234
Compilation successful: Rc files read:
  /etc/latexmkrc
Latexmk: This is Latexmk, John Collins, 15 June 2025. Version 4.87.
Latexmk: Nothing to do for 'main.tex'.
Latexmk: All targets (main.pdf) are up-to-date


Compilation successful: Rc files read:
  /etc/latexmkrc
Latexmk: This is Latexmk, John Collins, 15 June 2025. Version 4.87.
Latexmk: Nothing to do for 'main.tex'.
Latexmk: All targets (main.pdf) are up-to-date


Compilation successful: Rc files read:
  /etc/latexmkrc
Latexmk: This is Latexmk, John Collins, 15 June 2025. Version 4.87.
Latexmk: Nothing to do for 'main.tex'.
Latexmk: All targets (main.pdf) are up-to-date


Compilation successful: Rc files read:
  /etc/latexmkrc
Latexmk: This is Latexmk, John Collins, 15 June 2025. Version 4.87.
Latexmk: Nothing to do for 'main.tex'.
Latexmk: All targets (main.pdf) are up-to-date


